[27-Jun-2017 09:56:59 UTC] PHP Warning:  mysqli_connect(): php_network_getaddresses: getaddrinfo failed: Name or service not known in /home/ubuntu/workspace/config.php on line 3
[27-Jun-2017 09:56:59 UTC] PHP Stack trace:
[27-Jun-2017 09:56:59 UTC] PHP   1. {main}() /home/ubuntu/workspace/login/members.php:0
[27-Jun-2017 09:56:59 UTC] PHP   2. include() /home/ubuntu/workspace/login/members.php:3
[27-Jun-2017 09:56:59 UTC] PHP   3. mysqli_connect() /home/ubuntu/workspace/config.php:3
[27-Jun-2017 09:56:59 UTC] PHP Warning:  mysqli_connect(): (HY000/2002): php_network_getaddresses: getaddrinfo failed: Name or service not known in /home/ubuntu/workspace/config.php on line 3
[27-Jun-2017 09:56:59 UTC] PHP Stack trace:
[27-Jun-2017 09:56:59 UTC] PHP   1. {main}() /home/ubuntu/workspace/login/members.php:0
[27-Jun-2017 09:56:59 UTC] PHP   2. include() /home/ubuntu/workspace/login/members.php:3
[27-Jun-2017 09:56:59 UTC] PHP   3. mysqli_connect() /home/ubuntu/workspace/config.php:3
[27-Jun-2017 10:01:48 UTC] PHP Warning:  mysqli_connect(): (HY000/2002): Connection refused in /home/ubuntu/workspace/config.php on line 3
[27-Jun-2017 10:01:48 UTC] PHP Stack trace:
[27-Jun-2017 10:01:48 UTC] PHP   1. {main}() /home/ubuntu/workspace/login/members.php:0
[27-Jun-2017 10:01:48 UTC] PHP   2. include() /home/ubuntu/workspace/login/members.php:3
[27-Jun-2017 10:01:48 UTC] PHP   3. mysqli_connect() /home/ubuntu/workspace/config.php:3
[27-Jun-2017 10:03:10 UTC] PHP Warning:  mysqli_connect(): (HY000/2002): Connection refused in /home/ubuntu/workspace/config.php on line 3
[27-Jun-2017 10:03:10 UTC] PHP Stack trace:
[27-Jun-2017 10:03:10 UTC] PHP   1. {main}() /home/ubuntu/workspace/login/members.php:0
[27-Jun-2017 10:03:10 UTC] PHP   2. include() /home/ubuntu/workspace/login/members.php:3
[27-Jun-2017 10:03:10 UTC] PHP   3. mysqli_connect() /home/ubuntu/workspace/config.php:3
[27-Jun-2017 10:07:40 UTC] PHP Warning:  mysqli_connect(): (HY000/2002): Connection timed out in /home/ubuntu/workspace/config.php on line 3
[27-Jun-2017 10:07:40 UTC] PHP Stack trace:
[27-Jun-2017 10:07:40 UTC] PHP   1. {main}() /home/ubuntu/workspace/login/members.php:0
[27-Jun-2017 10:07:40 UTC] PHP   2. include() /home/ubuntu/workspace/login/members.php:3
[27-Jun-2017 10:07:40 UTC] PHP   3. mysqli_connect() /home/ubuntu/workspace/config.php:3
[27-Jun-2017 10:07:57 UTC] PHP Warning:  mysqli_connect(): (HY000/2002): Connection timed out in /home/ubuntu/workspace/config.php on line 3
[27-Jun-2017 10:07:57 UTC] PHP Stack trace:
[27-Jun-2017 10:07:57 UTC] PHP   1. {main}() /home/ubuntu/workspace/login/members.php:0
[27-Jun-2017 10:07:57 UTC] PHP   2. include() /home/ubuntu/workspace/login/members.php:3
[27-Jun-2017 10:07:57 UTC] PHP   3. mysqli_connect() /home/ubuntu/workspace/config.php:3
[27-Jun-2017 10:08:34 UTC] PHP Warning:  mysqli_connect(): php_network_getaddresses: getaddrinfo failed: Name or service not known in /home/ubuntu/workspace/config.php on line 3
[27-Jun-2017 10:08:34 UTC] PHP Stack trace:
[27-Jun-2017 10:08:34 UTC] PHP   1. {main}() /home/ubuntu/workspace/login/members.php:0
[27-Jun-2017 10:08:34 UTC] PHP   2. include() /home/ubuntu/workspace/login/members.php:3
[27-Jun-2017 10:08:34 UTC] PHP   3. mysqli_connect() /home/ubuntu/workspace/config.php:3
[27-Jun-2017 10:08:34 UTC] PHP Warning:  mysqli_connect(): (HY000/2002): php_network_getaddresses: getaddrinfo failed: Name or service not known in /home/ubuntu/workspace/config.php on line 3
[27-Jun-2017 10:08:34 UTC] PHP Stack trace:
[27-Jun-2017 10:08:34 UTC] PHP   1. {main}() /home/ubuntu/workspace/login/members.php:0
[27-Jun-2017 10:08:34 UTC] PHP   2. include() /home/ubuntu/workspace/login/members.php:3
[27-Jun-2017 10:08:34 UTC] PHP   3. mysqli_connect() /home/ubuntu/workspace/config.php:3
[27-Jun-2017 10:09:07 UTC] PHP Warning:  mysqli_connect(): (HY000/2002): Connection refused in /home/ubuntu/workspace/config.php on line 3
[27-Jun-2017 10:09:07 UTC] PHP Stack trace:
[27-Jun-2017 10:09:07 UTC] PHP   1. {main}() /home/ubuntu/workspace/login/members.php:0
[27-Jun-2017 10:09:07 UTC] PHP   2. include() /home/ubuntu/workspace/login/members.php:3
[27-Jun-2017 10:09:07 UTC] PHP   3. mysqli_connect() /home/ubuntu/workspace/config.php:3
[27-Jun-2017 10:16:12 UTC] PHP Warning:  mysql_query(): Access denied for user ''@'localhost' (using password: NO) in /home/ubuntu/workspace/login/add.php on line 19
[27-Jun-2017 10:16:12 UTC] PHP Stack trace:
[27-Jun-2017 10:16:12 UTC] PHP   1. {main}() /home/ubuntu/workspace/login/add.php:0
[27-Jun-2017 10:16:12 UTC] PHP   2. mysql_query() /home/ubuntu/workspace/login/add.php:19
[27-Jun-2017 10:16:12 UTC] PHP Warning:  mysql_query(): A link to the server could not be established in /home/ubuntu/workspace/login/add.php on line 19
[27-Jun-2017 10:16:12 UTC] PHP Stack trace:
[27-Jun-2017 10:16:12 UTC] PHP   1. {main}() /home/ubuntu/workspace/login/add.php:0
[27-Jun-2017 10:16:12 UTC] PHP   2. mysql_query() /home/ubuntu/workspace/login/add.php:19
[27-Jun-2017 10:18:56 UTC] PHP Warning:  mysql_query(): Access denied for user ''@'localhost' (using password: NO) in /home/ubuntu/workspace/login/add.php on line 19
[27-Jun-2017 10:18:56 UTC] PHP Stack trace:
[27-Jun-2017 10:18:56 UTC] PHP   1. {main}() /home/ubuntu/workspace/login/add.php:0
[27-Jun-2017 10:18:56 UTC] PHP   2. mysql_query() /home/ubuntu/workspace/login/add.php:19
[27-Jun-2017 10:18:56 UTC] PHP Warning:  mysql_query(): A link to the server could not be established in /home/ubuntu/workspace/login/add.php on line 19
[27-Jun-2017 10:18:56 UTC] PHP Stack trace:
[27-Jun-2017 10:18:56 UTC] PHP   1. {main}() /home/ubuntu/workspace/login/add.php:0
[27-Jun-2017 10:18:56 UTC] PHP   2. mysql_query() /home/ubuntu/workspace/login/add.php:19
[27-Jun-2017 10:24:37 UTC] PHP Warning:  mysql_query(): Access denied for user ''@'localhost' (using password: NO) in /home/ubuntu/workspace/login/add.php on line 19
[27-Jun-2017 10:24:37 UTC] PHP Stack trace:
[27-Jun-2017 10:24:37 UTC] PHP   1. {main}() /home/ubuntu/workspace/login/add.php:0
[27-Jun-2017 10:24:37 UTC] PHP   2. mysql_query() /home/ubuntu/workspace/login/add.php:19
[27-Jun-2017 10:24:37 UTC] PHP Warning:  mysql_query(): A link to the server could not be established in /home/ubuntu/workspace/login/add.php on line 19
[27-Jun-2017 10:24:37 UTC] PHP Stack trace:
[27-Jun-2017 10:24:37 UTC] PHP   1. {main}() /home/ubuntu/workspace/login/add.php:0
[27-Jun-2017 10:24:37 UTC] PHP   2. mysql_query() /home/ubuntu/workspace/login/add.php:19
[27-Jun-2017 10:30:35 UTC] PHP Warning:  mysql_select_db(): Access denied for user ''@'localhost' (using password: NO) in /home/ubuntu/workspace/config.php on line 5
[27-Jun-2017 10:30:35 UTC] PHP Stack trace:
[27-Jun-2017 10:30:35 UTC] PHP   1. {main}() /home/ubuntu/workspace/login/add.php:0
[27-Jun-2017 10:30:35 UTC] PHP   2. include() /home/ubuntu/workspace/login/add.php:3
[27-Jun-2017 10:30:35 UTC] PHP   3. mysql_select_db() /home/ubuntu/workspace/config.php:5
[27-Jun-2017 10:30:35 UTC] PHP Warning:  mysql_select_db(): A link to the server could not be established in /home/ubuntu/workspace/config.php on line 5
[27-Jun-2017 10:30:35 UTC] PHP Stack trace:
[27-Jun-2017 10:30:35 UTC] PHP   1. {main}() /home/ubuntu/workspace/login/add.php:0
[27-Jun-2017 10:30:35 UTC] PHP   2. include() /home/ubuntu/workspace/login/add.php:3
[27-Jun-2017 10:30:35 UTC] PHP   3. mysql_select_db() /home/ubuntu/workspace/config.php:5
[27-Jun-2017 10:40:33 UTC] PHP Warning:  mysqli_query() expects parameter 1 to be mysqli, resource given in /home/ubuntu/workspace/login/login.php on line 35
[27-Jun-2017 10:40:33 UTC] PHP Stack trace:
[27-Jun-2017 10:40:33 UTC] PHP   1. {main}() /home/ubuntu/workspace/login/login.php:0
[27-Jun-2017 10:40:33 UTC] PHP   2. mysqli_query() /home/ubuntu/workspace/login/login.php:35
[27-Jun-2017 10:45:49 UTC] PHP Warning:  mysqli_query() expects parameter 1 to be mysqli, resource given in /home/ubuntu/workspace/login/login.php on line 35
[27-Jun-2017 10:45:49 UTC] PHP Stack trace:
[27-Jun-2017 10:45:49 UTC] PHP   1. {main}() /home/ubuntu/workspace/login/login.php:0
[27-Jun-2017 10:45:49 UTC] PHP   2. mysqli_query() /home/ubuntu/workspace/login/login.php:35
[27-Jun-2017 10:47:49 UTC] PHP Warning:  mysqli_select_db() expects exactly 2 parameters, 1 given in /home/ubuntu/workspace/config.php on line 5
[27-Jun-2017 10:47:49 UTC] PHP Stack trace:
[27-Jun-2017 10:47:49 UTC] PHP   1. {main}() /home/ubuntu/workspace/login/login.php:0
[27-Jun-2017 10:47:49 UTC] PHP   2. include() /home/ubuntu/workspace/login/login.php:4
[27-Jun-2017 10:47:49 UTC] PHP   3. mysqli_select_db() /home/ubuntu/workspace/config.php:5
[27-Jun-2017 10:47:51 UTC] PHP Warning:  mysqli_select_db() expects exactly 2 parameters, 1 given in /home/ubuntu/workspace/config.php on line 5
[27-Jun-2017 10:47:51 UTC] PHP Stack trace:
[27-Jun-2017 10:47:51 UTC] PHP   1. {main}() /home/ubuntu/workspace/login/add.php:0
[27-Jun-2017 10:47:51 UTC] PHP   2. include() /home/ubuntu/workspace/login/add.php:3
[27-Jun-2017 10:47:51 UTC] PHP   3. mysqli_select_db() /home/ubuntu/workspace/config.php:5
[27-Jun-2017 10:48:34 UTC] PHP Warning:  mysql_query(): Access denied for user ''@'localhost' (using password: NO) in /home/ubuntu/workspace/login/add.php on line 19
[27-Jun-2017 10:48:34 UTC] PHP Stack trace:
[27-Jun-2017 10:48:34 UTC] PHP   1. {main}() /home/ubuntu/workspace/login/add.php:0
[27-Jun-2017 10:48:34 UTC] PHP   2. mysql_query() /home/ubuntu/workspace/login/add.php:19
[27-Jun-2017 10:48:34 UTC] PHP Warning:  mysql_query(): A link to the server could not be established in /home/ubuntu/workspace/login/add.php on line 19
[27-Jun-2017 10:48:34 UTC] PHP Stack trace:
[27-Jun-2017 10:48:34 UTC] PHP   1. {main}() /home/ubuntu/workspace/login/add.php:0
[27-Jun-2017 10:48:34 UTC] PHP   2. mysql_query() /home/ubuntu/workspace/login/add.php:19
[27-Jun-2017 10:51:12 UTC] PHP Warning:  mysql_connect(): Connection refused in /home/ubuntu/workspace/login/add.php on line 3
[27-Jun-2017 10:51:12 UTC] PHP Stack trace:
[27-Jun-2017 10:51:12 UTC] PHP   1. {main}() /home/ubuntu/workspace/login/add.php:0
[27-Jun-2017 10:51:12 UTC] PHP   2. mysql_connect() /home/ubuntu/workspace/login/add.php:3
[27-Jun-2017 10:52:39 UTC] PHP Warning:  mysql_connect(): Connection refused in /home/ubuntu/workspace/login/add.php on line 3
[27-Jun-2017 10:52:39 UTC] PHP Stack trace:
[27-Jun-2017 10:52:39 UTC] PHP   1. {main}() /home/ubuntu/workspace/login/add.php:0
[27-Jun-2017 10:52:39 UTC] PHP   2. mysql_connect() /home/ubuntu/workspace/login/add.php:3
